<?xml version="1.0" encoding="UTF-8"?>
<!-- Generated by org.testng.reporters.JUnitXMLReporter -->
<testsuite ignored="0" hostname="DESKTOP-JVNTDTS" failures="2" tests="2" name="Test" time="183.148" errors="0" timestamp="2024-08-26T16:25:41 IST">
  <testcase classname="testcase.SamplePageTest" name="samplePage" time="8.819">
    <failure type="java.lang.AssertionError" message="Only 250 characters are allowed 
 expected [true] but found [false]">
      <![CDATA[java.lang.AssertionError: Only 250 characters are allowed 
 expected [true] but found [false]
at pages.SamplePage.enterComments(SamplePage.java:195)
at testcase.SamplePageTest.samplePage(SamplePageTest.java:35)
at java.base/java.util.concurrent.Executors$RunnableAdapter.call(Executors.java:515)
at java.base/java.util.concurrent.FutureTask.run(FutureTask.java:264)
at java.base/java.util.concurrent.ThreadPoolExecutor.runWorker(ThreadPoolExecutor.java:1130)
at java.base/java.util.concurrent.ThreadPoolExecutor$Worker.run(ThreadPoolExecutor.java:630)
at java.base/java.lang.Thread.run(Thread.java:831)
... Removed 16 stack frames]]>
    </failure>
  </testcase> <!-- samplePage -->
  <testcase classname="testcase.SamplePageTest" name="samplePage" time="2.251">
    <failure type="org.openqa.selenium.ElementClickInterceptedException" message="element click intercepted: Element &amp;lt;input type=&amp;quot;checkbox&amp;quot; name=&amp;quot;g2599-expertise[]&amp;quot; value=&amp;quot;Automation Testing&amp;quot; class=&amp;quot;checkbox-multiple&amp;quot;&amp;gt; is not clickable at point (97, 55). Other element would receive the click: &amp;lt;img alt=&amp;quot;GlobalSQA&amp;quot; data-src=&amp;quot;https://www.globalsqa.com/wp-content/uploads/2015/10/GlobalSQA_logo.png&amp;quot; class=&amp;quot; lazyloaded&amp;quot; src=&amp;quot;https://www.globalsqa.com/wp-content/uploads/2015/10/GlobalSQA_logo.png&amp;quot;&amp;gt;
  (Session info: chrome=128.0.6613.84)
Build info: version: &amp;apos;4.23.1&amp;apos;, revision: &amp;apos;656257d8e9&amp;apos;
System info: os.name: &amp;apos;Windows 10&amp;apos;, os.arch: &amp;apos;amd64&amp;apos;, os.version: &amp;apos;10.0&amp;apos;, java.version: &amp;apos;16.0.1&amp;apos;
Driver info: org.openqa.selenium.chrome.ChromeDriver
Command: [b842c36bf9cbd2a35ed56ce7b29882a3, clickElement {id=f.F516930B81BDBC6BAFA4FCE791B76C05.d.4457180E3C621DAC963624E4EE87F163.e.9}]
Capabilities {acceptInsecureCerts: false, browserName: chrome, browserVersion: 128.0.6613.84, chrome: {chromedriverVersion: 128.0.6613.84 (606aa55c7d68..., userDataDir: C:\Users\Manoj\AppData\Loca...}, fedcm:accounts: true, goog:chromeOptions: {debuggerAddress: localhost:53644}, networkConnectionEnabled: false, pageLoadStrategy: normal, platformName: windows, proxy: Proxy(), se:cdp: ws://localhost:53644/devtoo..., se:cdpVersion: 128.0.6613.84, setWindowRect: true, strictFileInteractability: false, timeouts: {implicit: 0, pageLoad: 300000, script: 30000}, unhandledPromptBehavior: dismiss and notify, webauthn:extension:credBlob: true, webauthn:extension:largeBlob: true, webauthn:extension:minPinLength: true, webauthn:extension:prf: true, webauthn:virtualAuthenticators: true}
Element: [[ChromeDriver: chrome on windows (b842c36bf9cbd2a35ed56ce7b29882a3)] -&amp;gt; xpath: //input[@type=&amp;apos;checkbox&amp;apos;]]
Session ID: b842c36bf9cbd2a35ed56ce7b29882a3">
      <![CDATA[org.openqa.selenium.ElementClickInterceptedException: element click intercepted: Element <input type="checkbox" name="g2599-expertise[]" value="Automation Testing" class="checkbox-multiple"> is not clickable at point (97, 55). Other element would receive the click: <img alt="GlobalSQA" data-src="https://www.globalsqa.com/wp-content/uploads/2015/10/GlobalSQA_logo.png" class=" lazyloaded" src="https://www.globalsqa.com/wp-content/uploads/2015/10/GlobalSQA_logo.png">
  (Session info: chrome=128.0.6613.84)
Build info: version: '4.23.1', revision: '656257d8e9'
System info: os.name: 'Windows 10', os.arch: 'amd64', os.version: '10.0', java.version: '16.0.1'
Driver info: org.openqa.selenium.chrome.ChromeDriver
Command: [b842c36bf9cbd2a35ed56ce7b29882a3, clickElement {id=f.F516930B81BDBC6BAFA4FCE791B76C05.d.4457180E3C621DAC963624E4EE87F163.e.9}]
Capabilities {acceptInsecureCerts: false, browserName: chrome, browserVersion: 128.0.6613.84, chrome: {chromedriverVersion: 128.0.6613.84 (606aa55c7d68..., userDataDir: C:\Users\Manoj\AppData\Loca...}, fedcm:accounts: true, goog:chromeOptions: {debuggerAddress: localhost:53644}, networkConnectionEnabled: false, pageLoadStrategy: normal, platformName: windows, proxy: Proxy(), se:cdp: ws://localhost:53644/devtoo..., se:cdpVersion: 128.0.6613.84, setWindowRect: true, strictFileInteractability: false, timeouts: {implicit: 0, pageLoad: 300000, script: 30000}, unhandledPromptBehavior: dismiss and notify, webauthn:extension:credBlob: true, webauthn:extension:largeBlob: true, webauthn:extension:minPinLength: true, webauthn:extension:prf: true, webauthn:virtualAuthenticators: true}
Element: [[ChromeDriver: chrome on windows (b842c36bf9cbd2a35ed56ce7b29882a3)] -> xpath: //input[@type='checkbox']]
Session ID: b842c36bf9cbd2a35ed56ce7b29882a3
at org.openqa.selenium.remote.ErrorCodec.decode(ErrorCodec.java:167)
at org.openqa.selenium.remote.codec.w3c.W3CHttpResponseCodec.decode(W3CHttpResponseCodec.java:138)
at org.openqa.selenium.remote.codec.w3c.W3CHttpResponseCodec.decode(W3CHttpResponseCodec.java:50)
at org.openqa.selenium.remote.HttpCommandExecutor.execute(HttpCommandExecutor.java:190)
at org.openqa.selenium.remote.service.DriverCommandExecutor.invokeExecute(DriverCommandExecutor.java:216)
at org.openqa.selenium.remote.service.DriverCommandExecutor.execute(DriverCommandExecutor.java:174)
at org.openqa.selenium.remote.RemoteWebDriver.execute(RemoteWebDriver.java:545)
at org.openqa.selenium.remote.RemoteWebElement.execute(RemoteWebElement.java:223)
at org.openqa.selenium.remote.RemoteWebElement.click(RemoteWebElement.java:76)
at pages.SamplePage.selectExpertise(SamplePage.java:127)
at testcase.SamplePageTest.samplePage(SamplePageTest.java:32)
at java.base/java.util.concurrent.Executors$RunnableAdapter.call(Executors.java:515)
at java.base/java.util.concurrent.FutureTask.run(FutureTask.java:264)
at java.base/java.util.concurrent.ThreadPoolExecutor.runWorker(ThreadPoolExecutor.java:1130)
at java.base/java.util.concurrent.ThreadPoolExecutor$Worker.run(ThreadPoolExecutor.java:630)
at java.base/java.lang.Thread.run(Thread.java:831)
... Removed 18 stack frames]]>
    </failure>
  </testcase> <!-- samplePage -->
</testsuite> <!-- Test -->
