<?xml version="1.0" encoding="UTF-8"?>
<testng-results ignored="0" total="2" passed="1" failed="1" skipped="0">
  <reporter-output>
  </reporter-output>
  <suite started-at="2024-08-26T17:29:18 IST" name="Suite" finished-at="2024-08-26T17:30:45 IST" duration-ms="87036">
    <groups>
    </groups>
    <test started-at="2024-08-26T17:29:18 IST" name="Test" finished-at="2024-08-26T17:30:45 IST" duration-ms="87036">
      <class name="testcase.SamplePageTest">
        <test-method is-config="true" signature="startReport()[pri:0, instance:testcase.SamplePageTest@3b69e7d1]" started-at="2024-08-26T17:29:17 IST" name="startReport" finished-at="2024-08-26T17:29:18 IST" duration-ms="520" status="PASS">
          <reporter-output>
          </reporter-output>
        </test-method> <!-- startReport -->
        <test-method is-config="true" signature="setData()[pri:0, instance:testcase.SamplePageTest@3b69e7d1]" started-at="2024-08-26T17:29:18 IST" name="setData" finished-at="2024-08-26T17:29:18 IST" duration-ms="0" status="PASS">
          <reporter-output>
          </reporter-output>
        </test-method> <!-- setData -->
        <test-method is-config="true" signature="BeforeMethod(java.lang.String,java.lang.String)[pri:0, instance:testcase.SamplePageTest@3b69e7d1]" started-at="2024-08-26T17:29:20 IST" name="BeforeMethod" finished-at="2024-08-26T17:29:52 IST" duration-ms="31307" status="PASS">
          <params>
            <param index="0">
              <value>
                <![CDATA[chrome]]>
              </value>
            </param>
            <param index="1">
              <value>
                <![CDATA[https://www.globalsqa.com/samplepagetest/]]>
              </value>
            </param>
          </params>
          <reporter-output>
          </reporter-output>
        </test-method> <!-- BeforeMethod -->
        <test-method signature="samplePage(java.lang.String,java.lang.String,java.lang.String,java.lang.String,java.lang.String,java.lang.String,java.lang.String,java.lang.String,java.lang.String,java.lang.String,java.lang.String)[pri:0, instance:testcase.SamplePageTest@3b69e7d1]" started-at="2024-08-26T17:29:52 IST" name="samplePage" data-provider="SamplePage" finished-at="2024-08-26T17:30:00 IST" duration-ms="8859" status="FAIL">
          <params>
            <param index="0">
              <value>
                <![CDATA[surya]]>
              </value>
            </param>
            <param index="1">
              <value>
                <![CDATA[test@123.com]]>
              </value>
            </param>
            <param index="2">
              <value>
                <![CDATA[mt.com]]>
              </value>
            </param>
            <param index="3">
              <value>
                <![CDATA[3-5]]>
              </value>
            </param>
            <param index="4">
              <value>
                <![CDATA[3]]>
              </value>
            </param>
            <param index="5">
              <value>
                <![CDATA[ Functional Testing, Automation Testing, Manual Testing]]>
              </value>
            </param>
            <param index="6">
              <value>
                <![CDATA[ Functional Testing, Manual Testing]]>
              </value>
            </param>
            <param index="7">
              <value>
                <![CDATA[3]]>
              </value>
            </param>
            <param index="8">
              <value>
                <![CDATA[Graduate, Post Graduate, Other]]>
              </value>
            </param>
            <param index="9">
              <value>
                <![CDATA[Other]]>
              </value>
            </param>
            <param index="10">
              <value>
                <![CDATA[Test message, please ignore it.  Test message, please ignore it.  Test message, please ignore it.  Test message, please ignore it.  Test message, please ignore it.  Test message, please ignore it.  Test message, please ignore it.  Test message, please ignore it.  Test message, please ignore it.  Test message, please ignore it.  Test message, please ignore it.  Test message, please ignore it.  Test message, please ignore it.  Test message, please ignore it.  Test message, please ignore it.  Test message, please ignore it.  Test message, please ignore it.  Test message, please ignore it.  Test message, please ignore it.  Test message, please ignore it.  Test message, please ignore it.  Test message, please ignore it.  Test message, please ignore it.  Test message, please ignore it.  Test message, please ignore it.  Test message, please ignore it.  Test message, please ignore it.  Test message, please ignore it.  Test message, please ignore it.  Test message, please ignore it.  Test message, please ignore it.  Test message, please ignore it.  Test message, please ignore it.  Test message, please ignore it.  Test message, please ignore it.  Test message, please ignore it.  Test message, please ignore it.  Test message, please ignore it.  Test message, please ignore it.  Test message, please ignore it.  Test message, please ignore it.  Test message, please ignore it.  Test message, please ignore it.  Test message, please ignore it.  Test message, please ignore it.  Test message, please ignore it.  ]]>
              </value>
            </param>
          </params>
          <exception class="java.lang.AssertionError">
            <message>
              <![CDATA[Only 250 characters are allowed 
 expected [true] but found [false]]]>
            </message>
            <full-stacktrace>
              <![CDATA[java.lang.AssertionError: Only 250 characters are allowed 
 expected [true] but found [false]
at org.testng.Assert.fail(Assert.java:111)
at org.testng.Assert.failNotEquals(Assert.java:1578)
at org.testng.Assert.assertTrue(Assert.java:57)
at pages.SamplePage.enterComments(SamplePage.java:195)
at testcase.SamplePageTest.samplePage(SamplePageTest.java:35)
at java.base/jdk.internal.reflect.DirectMethodHandleAccessor.invoke(DirectMethodHandleAccessor.java:103)
at java.base/java.lang.reflect.Method.invoke(Method.java:580)
at org.testng.internal.invokers.MethodInvocationHelper.invokeMethod(MethodInvocationHelper.java:141)
at org.testng.internal.invokers.TestInvoker.invokeMethod(TestInvoker.java:686)
at org.testng.internal.invokers.TestInvoker.invokeTestMethod(TestInvoker.java:230)
at org.testng.internal.invokers.MethodRunner.runInSequence(MethodRunner.java:63)
at org.testng.internal.invokers.TestInvoker$MethodInvocationAgent.invoke(TestInvoker.java:992)
at org.testng.internal.invokers.TestInvoker.invokeTestMethods(TestInvoker.java:203)
at org.testng.internal.invokers.TestMethodWorker.invokeTestMethods(TestMethodWorker.java:154)
at org.testng.internal.invokers.TestMethodWorker.run(TestMethodWorker.java:134)
at java.base/java.util.concurrent.Executors$RunnableAdapter.call(Executors.java:572)
at java.base/java.util.concurrent.FutureTask.run(FutureTask.java:317)
at org.testng.internal.thread.graph.TestNGFutureTask.run(TestNGFutureTask.java:22)
at java.base/java.util.concurrent.ThreadPoolExecutor.runWorker(ThreadPoolExecutor.java:1144)
at java.base/java.util.concurrent.ThreadPoolExecutor$Worker.run(ThreadPoolExecutor.java:642)
at java.base/java.lang.Thread.run(Thread.java:1583)
]]>
            </full-stacktrace>
          </exception> <!-- java.lang.AssertionError -->
          <reporter-output>
          </reporter-output>
        </test-method> <!-- samplePage -->
        <test-method is-config="true" signature="AfterMethod()[pri:0, instance:testcase.SamplePageTest@3b69e7d1]" started-at="2024-08-26T17:30:02 IST" name="AfterMethod" finished-at="2024-08-26T17:30:07 IST" duration-ms="4892" status="PASS">
          <reporter-output>
          </reporter-output>
        </test-method> <!-- AfterMethod -->
        <test-method is-config="true" signature="BeforeMethod(java.lang.String,java.lang.String)[pri:0, instance:testcase.SamplePageTest@3b69e7d1]" started-at="2024-08-26T17:30:07 IST" name="BeforeMethod" finished-at="2024-08-26T17:30:41 IST" duration-ms="34724" status="PASS">
          <params>
            <param index="0">
              <value>
                <![CDATA[chrome]]>
              </value>
            </param>
            <param index="1">
              <value>
                <![CDATA[https://www.globalsqa.com/samplepagetest/]]>
              </value>
            </param>
          </params>
          <reporter-output>
          </reporter-output>
        </test-method> <!-- BeforeMethod -->
        <test-method signature="samplePage(java.lang.String,java.lang.String,java.lang.String,java.lang.String,java.lang.String,java.lang.String,java.lang.String,java.lang.String,java.lang.String,java.lang.String,java.lang.String)[pri:0, instance:testcase.SamplePageTest@3b69e7d1]" started-at="2024-08-26T17:30:41 IST" name="samplePage" data-provider="SamplePage" finished-at="2024-08-26T17:30:43 IST" duration-ms="2076" status="PASS">
          <params>
            <param index="0">
              <value>
                <![CDATA[nirmal]]>
              </value>
            </param>
            <param index="1">
              <value>
                <![CDATA[nk@456.com]]>
              </value>
            </param>
            <param index="2">
              <value>
                <![CDATA[testing.com]]>
              </value>
            </param>
            <param index="3">
              <value>
                <![CDATA[10+]]>
              </value>
            </param>
            <param index="4">
              <value>
                <![CDATA[Cell is null]]>
              </value>
            </param>
            <param index="5">
              <value>
                <![CDATA[Cell is null]]>
              </value>
            </param>
            <param index="6">
              <value>
                <![CDATA[Automation Testing]]>
              </value>
            </param>
            <param index="7">
              <value>
                <![CDATA[Cell is null]]>
              </value>
            </param>
            <param index="8">
              <value>
                <![CDATA[Cell is null]]>
              </value>
            </param>
            <param index="9">
              <value>
                <![CDATA[Post Graduate]]>
              </value>
            </param>
            <param index="10">
              <value>
                <![CDATA[Comment alert message checking.]]>
              </value>
            </param>
          </params>
          <reporter-output>
          </reporter-output>
        </test-method> <!-- samplePage -->
        <test-method is-config="true" signature="AfterMethod()[pri:0, instance:testcase.SamplePageTest@3b69e7d1]" started-at="2024-08-26T17:30:43 IST" name="AfterMethod" finished-at="2024-08-26T17:30:44 IST" duration-ms="956" status="PASS">
          <reporter-output>
          </reporter-output>
        </test-method> <!-- AfterMethod -->
        <test-method is-config="true" signature="tearDown()[pri:0, instance:testcase.SamplePageTest@3b69e7d1]" started-at="2024-08-26T17:30:44 IST" name="tearDown" finished-at="2024-08-26T17:30:45 IST" duration-ms="225" status="PASS">
          <reporter-output>
          </reporter-output>
        </test-method> <!-- tearDown -->
        <test-method is-config="true" signature="teardownReport()[pri:0, instance:testcase.SamplePageTest@3b69e7d1]" started-at="2024-08-26T17:30:45 IST" name="teardownReport" finished-at="2024-08-26T17:30:45 IST" duration-ms="34" status="PASS">
          <reporter-output>
          </reporter-output>
        </test-method> <!-- teardownReport -->
      </class> <!-- testcase.SamplePageTest -->
    </test> <!-- Test -->
  </suite> <!-- Suite -->
</testng-results>
