-------------------------------------------------------------------------------
Test set: TestSuite
-------------------------------------------------------------------------------
Tests run: 2, Failures: 1, Errors: 0, Skipped: 0, Time elapsed: 89.33 s <<< FAILURE! -- in TestSuite
testcase.SamplePageTest.samplePage[surya, test@123.com, mt.com, 3-5, 3,  Functional Testing, Automation Testing, Manual Testing,  Functional Testing, Manual Testing, 3, Graduate, Post Graduate, Other, Other, Test message, please ignore it.  Test message, please ignore it.  Test message, please ignore it.  Test message, please ignore it.  Test message, please ignore it.  Test message, please ignore it.  Test message, please ignore it.  Test message, please ignore it.  Test message, please ignore it.  Test message, please ignore it.  Test message, please ignore it.  Test message, please ignore it.  Test message, please ignore it.  Test message, please ignore it.  Test message, please ignore it.  Test message, please ignore it.  Test message, please ignore it.  Test message, please ignore it.  Test message, please ignore it.  Test message, please ignore it.  Test message, please ignore it.  Test message, please ignore it.  Test message, please ignore it.  Test message, please ignore it.  Test message, please ignore it.  Test message, please ignore it.  Test message, please ignore it.  Test message, please ignore it.  Test message, please ignore it.  Test message, please ignore it.  Test message, please ignore it.  Test message, please ignore it.  Test message, please ignore it.  Test message, please ignore it.  Test message, please ignore it.  Test message, please ignore it.  Test message, please ignore it.  Test message, please ignore it.  Test message, please ignore it.  Test message, please ignore it.  Test message, please ignore it.  Test message, please ignore it.  Test message, please ignore it.  Test message, please ignore it.  Test message, please ignore it.  Test message, please ignore it.  ](1) -- Time elapsed: 10.09 s <<< FAILURE!
java.lang.AssertionError: 
Only 250 characters are allowed 
 expected [true] but found [false]
	at org.testng.Assert.fail(Assert.java:111)
	at org.testng.Assert.failNotEquals(Assert.java:1578)
	at org.testng.Assert.assertTrue(Assert.java:57)
	at pages.SamplePage.enterComments(SamplePage.java:195)
	at testcase.SamplePageTest.samplePage(SamplePageTest.java:35)
	at java.base/jdk.internal.reflect.DirectMethodHandleAccessor.invoke(DirectMethodHandleAccessor.java:103)
	at java.base/java.lang.reflect.Method.invoke(Method.java:580)
	at org.testng.internal.invokers.MethodInvocationHelper.invokeMethod(MethodInvocationHelper.java:141)
	at org.testng.internal.invokers.TestInvoker.invokeMethod(TestInvoker.java:686)
	at org.testng.internal.invokers.TestInvoker.invokeTestMethod(TestInvoker.java:230)
	at org.testng.internal.invokers.MethodRunner.runInSequence(MethodRunner.java:63)
	at org.testng.internal.invokers.TestInvoker$MethodInvocationAgent.invoke(TestInvoker.java:992)
	at org.testng.internal.invokers.TestInvoker.invokeTestMethods(TestInvoker.java:203)
	at org.testng.internal.invokers.TestMethodWorker.invokeTestMethods(TestMethodWorker.java:154)
	at org.testng.internal.invokers.TestMethodWorker.run(TestMethodWorker.java:134)
	at java.base/java.util.concurrent.Executors$RunnableAdapter.call(Executors.java:572)
	at java.base/java.util.concurrent.FutureTask.run(FutureTask.java:317)
	at org.testng.internal.thread.graph.TestNGFutureTask.run(TestNGFutureTask.java:22)
	at java.base/java.util.concurrent.ThreadPoolExecutor.runWorker(ThreadPoolExecutor.java:1144)
	at java.base/java.util.concurrent.ThreadPoolExecutor$Worker.run(ThreadPoolExecutor.java:642)
	at java.base/java.lang.Thread.run(Thread.java:1583)

