<!DOCTYPE html PUBLIC "-//W3C//DTD XHTML 1.1//EN" "https://www.w3.org/TR/xhtml11/DTD/xhtml11.dtd">
<html xmlns="https://www.w3.org/1999/xhtml">
<head>
<meta http-equiv="content-type" content="text/html; charset=UTF-8"/>
<title>TestNG Report</title>
<style type="text/css">table {margin-bottom:10px;border-collapse:collapse;empty-cells:show}th,td {border:1px solid #009;padding:.25em .5em}th {vertical-align:bottom}td {vertical-align:top}table a {font-weight:bold}.stripe td {background-color: #E6EBF9}.num {text-align:right}.passedodd td {background-color: #3F3}.passedeven td {background-color: #0A0}.skippedodd td {background-color: #DDD}.skippedeven td {background-color: #CCC}.failedodd td,.attn {background-color: #F33}.failedeven td,.stripe .attn {background-color: #D00}.stacktrace {white-space:pre;font-family:monospace}.totop {font-size:85%;text-align:center;border-bottom:2px solid #000}.invisible {display:none}</style>
</head>
<body>
<table>
<tr><th>Test</th><th># Passed</th><th># Skipped</th><th># Retried</th><th># Failed</th><th>Time (ms)</th><th>Included Groups</th><th>Excluded Groups</th></tr>
<tr><th colspan="8">Suite</th></tr>
<tr><td><a href="#t0">Test</a></td><td class="num">0</td><td class="num">0</td><td class="num">0</td><td class="num attn">2</td><td class="num">183,148</td><td></td><td></td></tr>
</table>
<table id='summary'><thead><tr><th>Class</th><th>Method</th><th>Start</th><th>Time (ms)</th></tr></thead><tbody><tr><th colspan="4">Suite</th></tr></tbody><tbody id="t0"><tr><th colspan="4">Test &#8212; failed</th></tr><tr class="failedeven"><td rowspan="2">testcase.SamplePageTest</td><td><a href="#m0">samplePage</a></td><td rowspan="2">1724669735598</td><td rowspan="2">2251</td></tr><tr class="failedeven"><td><a href="#m1">samplePage</a></td></tr></tbody>
</table>
<h2>Test</h2><h3 id="m0">testcase.SamplePageTest#samplePage</h3><table class="result"><tr class="param"><th>Parameter #1</th><th>Parameter #2</th><th>Parameter #3</th><th>Parameter #4</th><th>Parameter #5</th><th>Parameter #6</th><th>Parameter #7</th><th>Parameter #8</th><th>Parameter #9</th><th>Parameter #10</th><th>Parameter #11</th></tr><tr class="param stripe"><td>nirmal</td><td>nk@456.com</td><td>testing.com</td><td>10+</td><td>Cell is null</td><td>Cell is null</td><td>Automation Testing</td><td>Cell is null</td><td>Cell is null</td><td>Post Graduate</td><td>Comment alert message checking.</td></tr><tr><th colspan="11">Exception</th></tr><tr><td colspan="11"><div class="stacktrace">org.openqa.selenium.ElementClickInterceptedException: element click intercepted: Element &lt;input type=&quot;checkbox&quot; name=&quot;g2599-expertise[]&quot; value=&quot;Automation Testing&quot; class=&quot;checkbox-multiple&quot;&gt; is not clickable at point (97, 55). Other element would receive the click: &lt;img alt=&quot;GlobalSQA&quot; data-src=&quot;https://www.globalsqa.com/wp-content/uploads/2015/10/GlobalSQA_logo.png&quot; class=&quot; lazyloaded&quot; src=&quot;https://www.globalsqa.com/wp-content/uploads/2015/10/GlobalSQA_logo.png&quot;&gt;
  (Session info: chrome=128.0.6613.84)
Build info: version: &apos;4.23.1&apos;, revision: &apos;656257d8e9&apos;
System info: os.name: &apos;Windows 10&apos;, os.arch: &apos;amd64&apos;, os.version: &apos;10.0&apos;, java.version: &apos;16.0.1&apos;
Driver info: org.openqa.selenium.chrome.ChromeDriver
Command: [b842c36bf9cbd2a35ed56ce7b29882a3, clickElement {id=f.F516930B81BDBC6BAFA4FCE791B76C05.d.4457180E3C621DAC963624E4EE87F163.e.9}]
Capabilities {acceptInsecureCerts: false, browserName: chrome, browserVersion: 128.0.6613.84, chrome: {chromedriverVersion: 128.0.6613.84 (606aa55c7d68..., userDataDir: C:\Users\Manoj\AppData\Loca...}, fedcm:accounts: true, goog:chromeOptions: {debuggerAddress: localhost:53644}, networkConnectionEnabled: false, pageLoadStrategy: normal, platformName: windows, proxy: Proxy(), se:cdp: ws://localhost:53644/devtoo..., se:cdpVersion: 128.0.6613.84, setWindowRect: true, strictFileInteractability: false, timeouts: {implicit: 0, pageLoad: 300000, script: 30000}, unhandledPromptBehavior: dismiss and notify, webauthn:extension:credBlob: true, webauthn:extension:largeBlob: true, webauthn:extension:minPinLength: true, webauthn:extension:prf: true, webauthn:virtualAuthenticators: true}
Element: [[ChromeDriver: chrome on windows (b842c36bf9cbd2a35ed56ce7b29882a3)] -&gt; xpath: //input[@type=&apos;checkbox&apos;]]
Session ID: b842c36bf9cbd2a35ed56ce7b29882a3
	at org.openqa.selenium.remote.ErrorCodec.decode(ErrorCodec.java:167)
	at org.openqa.selenium.remote.codec.w3c.W3CHttpResponseCodec.decode(W3CHttpResponseCodec.java:138)
	at org.openqa.selenium.remote.codec.w3c.W3CHttpResponseCodec.decode(W3CHttpResponseCodec.java:50)
	at org.openqa.selenium.remote.HttpCommandExecutor.execute(HttpCommandExecutor.java:190)
	at org.openqa.selenium.remote.service.DriverCommandExecutor.invokeExecute(DriverCommandExecutor.java:216)
	at org.openqa.selenium.remote.service.DriverCommandExecutor.execute(DriverCommandExecutor.java:174)
	at org.openqa.selenium.remote.RemoteWebDriver.execute(RemoteWebDriver.java:545)
	at org.openqa.selenium.remote.RemoteWebElement.execute(RemoteWebElement.java:223)
	at org.openqa.selenium.remote.RemoteWebElement.click(RemoteWebElement.java:76)
	at pages.SamplePage.selectExpertise(SamplePage.java:127)
	at testcase.SamplePageTest.samplePage(SamplePageTest.java:32)
	at java.base/java.util.concurrent.Executors$RunnableAdapter.call(Executors.java:515)
	at java.base/java.util.concurrent.FutureTask.run(FutureTask.java:264)
	at java.base/java.util.concurrent.ThreadPoolExecutor.runWorker(ThreadPoolExecutor.java:1130)
	at java.base/java.util.concurrent.ThreadPoolExecutor$Worker.run(ThreadPoolExecutor.java:630)
	at java.base/java.lang.Thread.run(Thread.java:831)
... Removed 18 stack frames</div></td></tr></table><p class="totop"><a href="#summary">back to summary</a></p>
<h3 id="m1">testcase.SamplePageTest#samplePage</h3><table class="result"><tr class="param"><th>Parameter #1</th><th>Parameter #2</th><th>Parameter #3</th><th>Parameter #4</th><th>Parameter #5</th><th>Parameter #6</th><th>Parameter #7</th><th>Parameter #8</th><th>Parameter #9</th><th>Parameter #10</th><th>Parameter #11</th></tr><tr class="param stripe"><td>surya</td><td>test@123.com</td><td>mt.com</td><td>3-5</td><td>3</td><td> Functional Testing, Automation Testing, Manual Testing</td><td> Functional Testing, Manual Testing</td><td>3</td><td>Graduate, Post Graduate, Other</td><td>Other</td><td>Test message, please ignore it.  Test message, please ignore it.  Test message, please ignore it.  Test message, please ignore it.  Test message, please ignore it.  Test message, please ignore it.  Test message, please ignore it.  Test message, please ignore it.  Test message, please ignore it.  Test message, please ignore it.  Test message, please ignore it.  Test message, please ignore it.  Test message, please ignore it.  Test message, please ignore it.  Test message, please ignore it.  Test message, please ignore it.  Test message, please ignore it.  Test message, please ignore it.  Test message, please ignore it.  Test message, please ignore it.  Test message, please ignore it.  Test message, please ignore it.  Test message, please ignore it.  Test message, please ignore it.  Test message, please ignore it.  Test message, please ignore it.  Test message, please ignore it.  Test message, please ignore it.  Test message, please ignore it.  Test message, please ignore it.  Test message, please ignore it.  Test message, please ignore it.  Test message, please ignore it.  Test message, please ignore it.  Test message, please ignore it.  Test message, please ignore it.  Test message, please ignore it.  Test message, please ignore it.  Test message, please ignore it.  Test message, please ignore it.  Test message, please ignore it.  Test message, please ignore it.  Test message, please ignore it.  Test message, please ignore it.  Test message, please ignore it.  Test message, please ignore it.  </td></tr><tr><th colspan="11">Exception</th></tr><tr><td colspan="11"><div class="stacktrace">java.lang.AssertionError: Only 250 characters are allowed 
 expected [true] but found [false]
	at pages.SamplePage.enterComments(SamplePage.java:195)
	at testcase.SamplePageTest.samplePage(SamplePageTest.java:35)
	at java.base/java.util.concurrent.Executors$RunnableAdapter.call(Executors.java:515)
	at java.base/java.util.concurrent.FutureTask.run(FutureTask.java:264)
	at java.base/java.util.concurrent.ThreadPoolExecutor.runWorker(ThreadPoolExecutor.java:1130)
	at java.base/java.util.concurrent.ThreadPoolExecutor$Worker.run(ThreadPoolExecutor.java:630)
	at java.base/java.lang.Thread.run(Thread.java:831)
... Removed 16 stack frames</div></td></tr></table><p class="totop"><a href="#summary">back to summary</a></p>
</body>
</html>
