<?xml version="1.0" encoding="UTF-8"?>
<testng-results ignored="0" total="2" passed="0" failed="2" skipped="0">
  <reporter-output>
  </reporter-output>
  <suite started-at="2024-08-26T16:22:37 IST" name="Suite" finished-at="2024-08-26T16:25:40 IST" duration-ms="183148">
    <groups>
    </groups>
    <test started-at="2024-08-26T16:22:37 IST" name="Test" finished-at="2024-08-26T16:25:40 IST" duration-ms="183148">
      <class name="testcase.SamplePageTest">
        <test-method is-config="true" signature="startReport()[pri:0, instance:testcase.SamplePageTest@2657d4dd]" started-at="2024-08-26T16:22:34 IST" name="startReport" finished-at="2024-08-26T16:22:37 IST" duration-ms="2520" status="PASS">
          <reporter-output>
          </reporter-output>
        </test-method> <!-- startReport -->
        <test-method is-config="true" signature="setData()[pri:0, instance:testcase.SamplePageTest@2657d4dd]" started-at="2024-08-26T16:22:37 IST" name="setData" finished-at="2024-08-26T16:22:37 IST" duration-ms="1" status="PASS">
          <reporter-output>
          </reporter-output>
        </test-method> <!-- setData -->
        <test-method is-config="true" signature="BeforeMethod(java.lang.String,java.lang.String)[pri:0, instance:testcase.SamplePageTest@2657d4dd]" started-at="2024-08-26T16:22:44 IST" name="BeforeMethod" finished-at="2024-08-26T16:24:33 IST" duration-ms="108978" status="PASS">
          <params>
            <param index="0">
              <value>
                <![CDATA[chrome]]>
              </value>
            </param>
            <param index="1">
              <value>
                <![CDATA[https://www.globalsqa.com/samplepagetest/]]>
              </value>
            </param>
          </params>
          <reporter-output>
          </reporter-output>
        </test-method> <!-- BeforeMethod -->
        <test-method signature="samplePage(java.lang.String,java.lang.String,java.lang.String,java.lang.String,java.lang.String,java.lang.String,java.lang.String,java.lang.String,java.lang.String,java.lang.String,java.lang.String)[pri:0, instance:testcase.SamplePageTest@2657d4dd]" started-at="2024-08-26T16:24:33 IST" name="samplePage" data-provider="SamplePage" finished-at="2024-08-26T16:24:42 IST" duration-ms="8819" status="FAIL">
          <params>
            <param index="0">
              <value>
                <![CDATA[surya]]>
              </value>
            </param>
            <param index="1">
              <value>
                <![CDATA[test@123.com]]>
              </value>
            </param>
            <param index="2">
              <value>
                <![CDATA[mt.com]]>
              </value>
            </param>
            <param index="3">
              <value>
                <![CDATA[3-5]]>
              </value>
            </param>
            <param index="4">
              <value>
                <![CDATA[3]]>
              </value>
            </param>
            <param index="5">
              <value>
                <![CDATA[ Functional Testing, Automation Testing, Manual Testing]]>
              </value>
            </param>
            <param index="6">
              <value>
                <![CDATA[ Functional Testing, Manual Testing]]>
              </value>
            </param>
            <param index="7">
              <value>
                <![CDATA[3]]>
              </value>
            </param>
            <param index="8">
              <value>
                <![CDATA[Graduate, Post Graduate, Other]]>
              </value>
            </param>
            <param index="9">
              <value>
                <![CDATA[Other]]>
              </value>
            </param>
            <param index="10">
              <value>
                <![CDATA[Test message, please ignore it.  Test message, please ignore it.  Test message, please ignore it.  Test message, please ignore it.  Test message, please ignore it.  Test message, please ignore it.  Test message, please ignore it.  Test message, please ignore it.  Test message, please ignore it.  Test message, please ignore it.  Test message, please ignore it.  Test message, please ignore it.  Test message, please ignore it.  Test message, please ignore it.  Test message, please ignore it.  Test message, please ignore it.  Test message, please ignore it.  Test message, please ignore it.  Test message, please ignore it.  Test message, please ignore it.  Test message, please ignore it.  Test message, please ignore it.  Test message, please ignore it.  Test message, please ignore it.  Test message, please ignore it.  Test message, please ignore it.  Test message, please ignore it.  Test message, please ignore it.  Test message, please ignore it.  Test message, please ignore it.  Test message, please ignore it.  Test message, please ignore it.  Test message, please ignore it.  Test message, please ignore it.  Test message, please ignore it.  Test message, please ignore it.  Test message, please ignore it.  Test message, please ignore it.  Test message, please ignore it.  Test message, please ignore it.  Test message, please ignore it.  Test message, please ignore it.  Test message, please ignore it.  Test message, please ignore it.  Test message, please ignore it.  Test message, please ignore it.  ]]>
              </value>
            </param>
          </params>
          <exception class="java.lang.AssertionError">
            <message>
              <![CDATA[Only 250 characters are allowed 
 expected [true] but found [false]]]>
            </message>
            <full-stacktrace>
              <![CDATA[java.lang.AssertionError: Only 250 characters are allowed 
 expected [true] but found [false]
at org.testng.Assert.fail(Assert.java:111)
at org.testng.Assert.failNotEquals(Assert.java:1578)
at org.testng.Assert.assertTrue(Assert.java:57)
at pages.SamplePage.enterComments(SamplePage.java:195)
at testcase.SamplePageTest.samplePage(SamplePageTest.java:35)
at java.base/jdk.internal.reflect.NativeMethodAccessorImpl.invoke0(Native Method)
at java.base/jdk.internal.reflect.NativeMethodAccessorImpl.invoke(NativeMethodAccessorImpl.java:78)
at java.base/jdk.internal.reflect.DelegatingMethodAccessorImpl.invoke(DelegatingMethodAccessorImpl.java:43)
at java.base/java.lang.reflect.Method.invoke(Method.java:567)
at org.testng.internal.invokers.MethodInvocationHelper.invokeMethod(MethodInvocationHelper.java:141)
at org.testng.internal.invokers.TestInvoker.invokeMethod(TestInvoker.java:686)
at org.testng.internal.invokers.TestInvoker.invokeTestMethod(TestInvoker.java:230)
at org.testng.internal.invokers.MethodRunner.runInSequence(MethodRunner.java:63)
at org.testng.internal.invokers.TestInvoker$MethodInvocationAgent.invoke(TestInvoker.java:992)
at org.testng.internal.invokers.TestInvoker.invokeTestMethods(TestInvoker.java:203)
at org.testng.internal.invokers.TestMethodWorker.invokeTestMethods(TestMethodWorker.java:154)
at org.testng.internal.invokers.TestMethodWorker.run(TestMethodWorker.java:134)
at java.base/java.util.concurrent.Executors$RunnableAdapter.call(Executors.java:515)
at java.base/java.util.concurrent.FutureTask.run(FutureTask.java:264)
at org.testng.internal.thread.graph.TestNGFutureTask.run(TestNGFutureTask.java:22)
at java.base/java.util.concurrent.ThreadPoolExecutor.runWorker(ThreadPoolExecutor.java:1130)
at java.base/java.util.concurrent.ThreadPoolExecutor$Worker.run(ThreadPoolExecutor.java:630)
at java.base/java.lang.Thread.run(Thread.java:831)
]]>
            </full-stacktrace>
          </exception> <!-- java.lang.AssertionError -->
          <reporter-output>
          </reporter-output>
        </test-method> <!-- samplePage -->
        <test-method is-config="true" signature="AfterMethod()[pri:0, instance:testcase.SamplePageTest@2657d4dd]" started-at="2024-08-26T16:24:50 IST" name="AfterMethod" finished-at="2024-08-26T16:24:54 IST" duration-ms="3568" status="PASS">
          <reporter-output>
          </reporter-output>
        </test-method> <!-- AfterMethod -->
        <test-method is-config="true" signature="BeforeMethod(java.lang.String,java.lang.String)[pri:0, instance:testcase.SamplePageTest@2657d4dd]" started-at="2024-08-26T16:24:54 IST" name="BeforeMethod" finished-at="2024-08-26T16:25:35 IST" duration-ms="41330" status="PASS">
          <params>
            <param index="0">
              <value>
                <![CDATA[chrome]]>
              </value>
            </param>
            <param index="1">
              <value>
                <![CDATA[https://www.globalsqa.com/samplepagetest/]]>
              </value>
            </param>
          </params>
          <reporter-output>
          </reporter-output>
        </test-method> <!-- BeforeMethod -->
        <test-method signature="samplePage(java.lang.String,java.lang.String,java.lang.String,java.lang.String,java.lang.String,java.lang.String,java.lang.String,java.lang.String,java.lang.String,java.lang.String,java.lang.String)[pri:0, instance:testcase.SamplePageTest@2657d4dd]" started-at="2024-08-26T16:25:35 IST" name="samplePage" data-provider="SamplePage" finished-at="2024-08-26T16:25:37 IST" duration-ms="2251" status="FAIL">
          <params>
            <param index="0">
              <value>
                <![CDATA[nirmal]]>
              </value>
            </param>
            <param index="1">
              <value>
                <![CDATA[nk@456.com]]>
              </value>
            </param>
            <param index="2">
              <value>
                <![CDATA[testing.com]]>
              </value>
            </param>
            <param index="3">
              <value>
                <![CDATA[10+]]>
              </value>
            </param>
            <param index="4">
              <value>
                <![CDATA[Cell is null]]>
              </value>
            </param>
            <param index="5">
              <value>
                <![CDATA[Cell is null]]>
              </value>
            </param>
            <param index="6">
              <value>
                <![CDATA[Automation Testing]]>
              </value>
            </param>
            <param index="7">
              <value>
                <![CDATA[Cell is null]]>
              </value>
            </param>
            <param index="8">
              <value>
                <![CDATA[Cell is null]]>
              </value>
            </param>
            <param index="9">
              <value>
                <![CDATA[Post Graduate]]>
              </value>
            </param>
            <param index="10">
              <value>
                <![CDATA[Comment alert message checking.]]>
              </value>
            </param>
          </params>
          <exception class="org.openqa.selenium.ElementClickInterceptedException">
            <message>
              <![CDATA[element click intercepted: Element <input type="checkbox" name="g2599-expertise[]" value="Automation Testing" class="checkbox-multiple"> is not clickable at point (97, 55). Other element would receive the click: <img alt="GlobalSQA" data-src="https://www.globalsqa.com/wp-content/uploads/2015/10/GlobalSQA_logo.png" class=" lazyloaded" src="https://www.globalsqa.com/wp-content/uploads/2015/10/GlobalSQA_logo.png">
  (Session info: chrome=128.0.6613.84)
Build info: version: '4.23.1', revision: '656257d8e9'
System info: os.name: 'Windows 10', os.arch: 'amd64', os.version: '10.0', java.version: '16.0.1'
Driver info: org.openqa.selenium.chrome.ChromeDriver
Command: [b842c36bf9cbd2a35ed56ce7b29882a3, clickElement {id=f.F516930B81BDBC6BAFA4FCE791B76C05.d.4457180E3C621DAC963624E4EE87F163.e.9}]
Capabilities {acceptInsecureCerts: false, browserName: chrome, browserVersion: 128.0.6613.84, chrome: {chromedriverVersion: 128.0.6613.84 (606aa55c7d68..., userDataDir: C:\Users\Manoj\AppData\Loca...}, fedcm:accounts: true, goog:chromeOptions: {debuggerAddress: localhost:53644}, networkConnectionEnabled: false, pageLoadStrategy: normal, platformName: windows, proxy: Proxy(), se:cdp: ws://localhost:53644/devtoo..., se:cdpVersion: 128.0.6613.84, setWindowRect: true, strictFileInteractability: false, timeouts: {implicit: 0, pageLoad: 300000, script: 30000}, unhandledPromptBehavior: dismiss and notify, webauthn:extension:credBlob: true, webauthn:extension:largeBlob: true, webauthn:extension:minPinLength: true, webauthn:extension:prf: true, webauthn:virtualAuthenticators: true}
Element: [[ChromeDriver: chrome on windows (b842c36bf9cbd2a35ed56ce7b29882a3)] -> xpath: //input[@type='checkbox']]
Session ID: b842c36bf9cbd2a35ed56ce7b29882a3]]>
            </message>
            <full-stacktrace>
              <![CDATA[org.openqa.selenium.ElementClickInterceptedException: element click intercepted: Element <input type="checkbox" name="g2599-expertise[]" value="Automation Testing" class="checkbox-multiple"> is not clickable at point (97, 55). Other element would receive the click: <img alt="GlobalSQA" data-src="https://www.globalsqa.com/wp-content/uploads/2015/10/GlobalSQA_logo.png" class=" lazyloaded" src="https://www.globalsqa.com/wp-content/uploads/2015/10/GlobalSQA_logo.png">
  (Session info: chrome=128.0.6613.84)
Build info: version: '4.23.1', revision: '656257d8e9'
System info: os.name: 'Windows 10', os.arch: 'amd64', os.version: '10.0', java.version: '16.0.1'
Driver info: org.openqa.selenium.chrome.ChromeDriver
Command: [b842c36bf9cbd2a35ed56ce7b29882a3, clickElement {id=f.F516930B81BDBC6BAFA4FCE791B76C05.d.4457180E3C621DAC963624E4EE87F163.e.9}]
Capabilities {acceptInsecureCerts: false, browserName: chrome, browserVersion: 128.0.6613.84, chrome: {chromedriverVersion: 128.0.6613.84 (606aa55c7d68..., userDataDir: C:\Users\Manoj\AppData\Loca...}, fedcm:accounts: true, goog:chromeOptions: {debuggerAddress: localhost:53644}, networkConnectionEnabled: false, pageLoadStrategy: normal, platformName: windows, proxy: Proxy(), se:cdp: ws://localhost:53644/devtoo..., se:cdpVersion: 128.0.6613.84, setWindowRect: true, strictFileInteractability: false, timeouts: {implicit: 0, pageLoad: 300000, script: 30000}, unhandledPromptBehavior: dismiss and notify, webauthn:extension:credBlob: true, webauthn:extension:largeBlob: true, webauthn:extension:minPinLength: true, webauthn:extension:prf: true, webauthn:virtualAuthenticators: true}
Element: [[ChromeDriver: chrome on windows (b842c36bf9cbd2a35ed56ce7b29882a3)] -> xpath: //input[@type='checkbox']]
Session ID: b842c36bf9cbd2a35ed56ce7b29882a3
at java.base/jdk.internal.reflect.NativeConstructorAccessorImpl.newInstance0(Native Method)
at java.base/jdk.internal.reflect.NativeConstructorAccessorImpl.newInstance(NativeConstructorAccessorImpl.java:78)
at java.base/jdk.internal.reflect.DelegatingConstructorAccessorImpl.newInstance(DelegatingConstructorAccessorImpl.java:45)
at java.base/java.lang.reflect.Constructor.newInstanceWithCaller(Constructor.java:499)
at java.base/java.lang.reflect.Constructor.newInstance(Constructor.java:480)
at org.openqa.selenium.remote.ErrorCodec.decode(ErrorCodec.java:167)
at org.openqa.selenium.remote.codec.w3c.W3CHttpResponseCodec.decode(W3CHttpResponseCodec.java:138)
at org.openqa.selenium.remote.codec.w3c.W3CHttpResponseCodec.decode(W3CHttpResponseCodec.java:50)
at org.openqa.selenium.remote.HttpCommandExecutor.execute(HttpCommandExecutor.java:190)
at org.openqa.selenium.remote.service.DriverCommandExecutor.invokeExecute(DriverCommandExecutor.java:216)
at org.openqa.selenium.remote.service.DriverCommandExecutor.execute(DriverCommandExecutor.java:174)
at org.openqa.selenium.remote.RemoteWebDriver.execute(RemoteWebDriver.java:545)
at org.openqa.selenium.remote.RemoteWebElement.execute(RemoteWebElement.java:223)
at org.openqa.selenium.remote.RemoteWebElement.click(RemoteWebElement.java:76)
at pages.SamplePage.selectExpertise(SamplePage.java:127)
at testcase.SamplePageTest.samplePage(SamplePageTest.java:32)
at java.base/jdk.internal.reflect.NativeMethodAccessorImpl.invoke0(Native Method)
at java.base/jdk.internal.reflect.NativeMethodAccessorImpl.invoke(NativeMethodAccessorImpl.java:78)
at java.base/jdk.internal.reflect.DelegatingMethodAccessorImpl.invoke(DelegatingMethodAccessorImpl.java:43)
at java.base/java.lang.reflect.Method.invoke(Method.java:567)
at org.testng.internal.invokers.MethodInvocationHelper.invokeMethod(MethodInvocationHelper.java:141)
at org.testng.internal.invokers.TestInvoker.invokeMethod(TestInvoker.java:686)
at org.testng.internal.invokers.TestInvoker.invokeTestMethod(TestInvoker.java:230)
at org.testng.internal.invokers.MethodRunner.runInSequence(MethodRunner.java:63)
at org.testng.internal.invokers.TestInvoker$MethodInvocationAgent.invoke(TestInvoker.java:992)
at org.testng.internal.invokers.TestInvoker.invokeTestMethods(TestInvoker.java:203)
at org.testng.internal.invokers.TestMethodWorker.invokeTestMethods(TestMethodWorker.java:154)
at org.testng.internal.invokers.TestMethodWorker.run(TestMethodWorker.java:134)
at java.base/java.util.concurrent.Executors$RunnableAdapter.call(Executors.java:515)
at java.base/java.util.concurrent.FutureTask.run(FutureTask.java:264)
at org.testng.internal.thread.graph.TestNGFutureTask.run(TestNGFutureTask.java:22)
at java.base/java.util.concurrent.ThreadPoolExecutor.runWorker(ThreadPoolExecutor.java:1130)
at java.base/java.util.concurrent.ThreadPoolExecutor$Worker.run(ThreadPoolExecutor.java:630)
at java.base/java.lang.Thread.run(Thread.java:831)
]]>
            </full-stacktrace>
          </exception> <!-- org.openqa.selenium.ElementClickInterceptedException -->
          <reporter-output>
          </reporter-output>
        </test-method> <!-- samplePage -->
        <test-method is-config="true" signature="AfterMethod()[pri:0, instance:testcase.SamplePageTest@2657d4dd]" started-at="2024-08-26T16:25:38 IST" name="AfterMethod" finished-at="2024-08-26T16:25:39 IST" duration-ms="1209" status="PASS">
          <reporter-output>
          </reporter-output>
        </test-method> <!-- AfterMethod -->
        <test-method is-config="true" signature="tearDown()[pri:0, instance:testcase.SamplePageTest@2657d4dd]" started-at="2024-08-26T16:25:39 IST" name="tearDown" finished-at="2024-08-26T16:25:40 IST" duration-ms="853" status="PASS">
          <reporter-output>
          </reporter-output>
        </test-method> <!-- tearDown -->
        <test-method is-config="true" signature="teardownReport()[pri:0, instance:testcase.SamplePageTest@2657d4dd]" started-at="2024-08-26T16:25:41 IST" name="teardownReport" finished-at="2024-08-26T16:25:41 IST" duration-ms="32" status="PASS">
          <reporter-output>
          </reporter-output>
        </test-method> <!-- teardownReport -->
      </class> <!-- testcase.SamplePageTest -->
    </test> <!-- Test -->
  </suite> <!-- Suite -->
</testng-results>
